# JRE version: OpenJDK Runtime Environment (8.0_76-b03) (build 1.8.0_76-release-b03)
# Java VM: OpenJDK 64-Bit Server VM (25.76-b03 mixed mode linux-amd64 compressed oops)
Heap:
 PSYoungGen      total 376832K, used 13799K [0x00000000e0000000, 0x00000000f7d80000, 0x0000000100000000)
  eden space 363008K, 0% used [0x00000000e0000000,0x00000000e0000000,0x00000000f6280000)
  from space 13824K, 99% used [0x00000000f6280000,0x00000000f6ff9e58,0x00000000f7000000)
  to   space 8192K, 0% used [0x00000000f7580000,0x00000000f7580000,0x00000000f7d80000)
 ParOldGen       total 54272K, used 53978K [0x00000000a0000000, 0x00000000a3500000, 0x00000000e0000000)
  object space 54272K, 99% used [0x00000000a0000000,0x00000000a34b6868,0x00000000a3500000)
 Metaspace       used 57487K, capacity 58906K, committed 59136K, reserved 1099776K
  class space    used 7841K, capacity 8181K, committed 8192K, reserved 1048576K
GC Heap History (10 events):
Event: 21.168 GC heap after
Heap after GC invocations=16 (full 2):
 PSYoungGen      total 245760K, used 1579K [0x00000000e0000000, 0x00000000f0400000, 0x0000000100000000)
  eden space 235520K, 0% used [0x00000000e0000000,0x00000000e0000000,0x00000000ee600000)
  from space 10240K, 15% used [0x00000000efa00000,0x00000000efb8ae28,0x00000000f0400000)
  to   space 15360K, 0% used [0x00000000ee600000,0x00000000ee600000,0x00000000ef500000)
 ParOldGen       total 50688K, used 38178K [0x00000000a0000000, 0x00000000a3180000, 0x00000000e0000000)
  object space 50688K, 75% used [0x00000000a0000000,0x00000000a2548a00,0x00000000a3180000)
 Metaspace       used 54586K, capacity 56062K, committed 56448K, reserved 1097728K
  class space    used 7346K, capacity 7691K, committed 7808K, reserved 1048576K
}
Event: 22.817 GC heap before
{Heap before GC invocations=17 (full 2):
 PSYoungGen      total 245760K, used 237099K [0x00000000e0000000, 0x00000000f0400000, 0x0000000100000000)
  eden space 235520K, 100% used [0x00000000e0000000,0x00000000ee600000,0x00000000ee600000)
  from space 10240K, 15% used [0x00000000efa00000,0x00000000efb8ae28,0x00000000f0400000)
  to   space 15360K, 0% used [0x00000000ee600000,0x00000000ee600000,0x00000000ef500000)
 ParOldGen       total 50688K, used 38178K [0x00000000a0000000, 0x00000000a3180000, 0x00000000e0000000)
  object space 50688K, 75% used [0x00000000a0000000,0x00000000a2548a00,0x00000000a3180000)
 Metaspace       used 54589K, capacity 56062K, committed 56448K, reserved 1097728K
  class space    used 7346K, capacity 7691K, committed 7808K, reserved 1048576K
Event: 22.852 GC heap after
Heap after GC invocations=17 (full 2):
 PSYoungGen      total 250880K, used 2118K [0x00000000e0000000, 0x00000000f4780000, 0x0000000100000000)
  eden space 235520K, 0% used [0x00000000e0000000,0x00000000e0000000,0x00000000ee600000)
  from space 15360K, 13% used [0x00000000ee600000,0x00000000ee8119d8,0x00000000ef500000)
  to   space 15360K, 0% used [0x00000000f3880000,0x00000000f3880000,0x00000000f4780000)
 ParOldGen       total 50688K, used 39290K [0x00000000a0000000, 0x00000000a3180000, 0x00000000e0000000)
  object space 50688K, 77% used [0x00000000a0000000,0x00000000a265e920,0x00000000a3180000)
 Metaspace       used 54589K, capacity 56062K, committed 56448K, reserved 1097728K
  class space    used 7346K, capacity 7691K, committed 7808K, reserved 1048576K
}
Event: 24.248 GC heap before
{Heap before GC invocations=18 (full 2):
 PSYoungGen      total 250880K, used 237638K [0x00000000e0000000, 0x00000000f4780000, 0x0000000100000000)
  eden space 235520K, 100% used [0x00000000e0000000,0x00000000ee600000,0x00000000ee600000)
  from space 15360K, 13% used [0x00000000ee600000,0x00000000ee8119d8,0x00000000ef500000)
  to   space 15360K, 0% used [0x00000000f3880000,0x00000000f3880000,0x00000000f4780000)
 ParOldGen       total 50688K, used 39290K [0x00000000a0000000, 0x00000000a3180000, 0x00000000e0000000)
  object space 50688K, 77% used [0x00000000a0000000,0x00000000a265e920,0x00000000a3180000)
 Metaspace       used 54591K, capacity 56062K, committed 56448K, reserved 1097728K
  class space    used 7346K, capacity 7691K, committed 7808K, reserved 1048576K
Event: 24.268 GC heap after
Heap after GC invocations=18 (full 2):
 PSYoungGen      total 313856K, used 2703K [0x00000000e0000000, 0x00000000f4480000, 0x0000000100000000)
  eden space 301568K, 0% used [0x00000000e0000000,0x00000000e0000000,0x00000000f2680000)
  from space 12288K, 22% used [0x00000000f3880000,0x00000000f3b23fb8,0x00000000f4480000)
  to   space 15360K, 0% used [0x00000000f2680000,0x00000000f2680000,0x00000000f3580000)
 ParOldGen       total 50688K, used 40802K [0x00000000a0000000, 0x00000000a3180000, 0x00000000e0000000)
  object space 50688K, 80% used [0x00000000a0000000,0x00000000a27d8af8,0x00000000a3180000)
 Metaspace       used 54591K, capacity 56062K, committed 56448K, reserved 1097728K
  class space    used 7346K, capacity 7691K, committed 7808K, reserved 1048576K
}
Event: 28.965 GC heap before
{Heap before GC invocations=19 (full 2):
 PSYoungGen      total 313856K, used 304271K [0x00000000e0000000, 0x00000000f4480000, 0x0000000100000000)
  eden space 301568K, 100% used [0x00000000e0000000,0x00000000f2680000,0x00000000f2680000)
  from space 12288K, 22% used [0x00000000f3880000,0x00000000f3b23fb8,0x00000000f4480000)
  to   space 15360K, 0% used [0x00000000f2680000,0x00000000f2680000,0x00000000f3580000)
 ParOldGen       total 50688K, used 40802K [0x00000000a0000000, 0x00000000a3180000, 0x00000000e0000000)
  object space 50688K, 80% used [0x00000000a0000000,0x00000000a27d8af8,0x00000000a3180000)
 Metaspace       used 54593K, capacity 56062K, committed 56448K, reserved 1097728K
  class space    used 7346K, capacity 7691K, committed 7808K, reserved 1048576K
Event: 29.207 GC heap after
Heap after GC invocations=19 (full 2):
 PSYoungGen      total 316928K, used 4954K [0x00000000e0000000, 0x00000000f8380000, 0x0000000100000000)
  eden space 301568K, 0% used [0x00000000e0000000,0x00000000e0000000,0x00000000f2680000)
  from space 15360K, 32% used [0x00000000f2680000,0x00000000f2b56928,0x00000000f3580000)
  to   space 14336K, 0% used [0x00000000f7580000,0x00000000f7580000,0x00000000f8380000)
 ParOldGen       total 50688K, used 40802K [0x00000000a0000000, 0x00000000a3180000, 0x00000000e0000000)
  object space 50688K, 80% used [0x00000000a0000000,0x00000000a27d8af8,0x00000000a3180000)
 Metaspace       used 54593K, capacity 56062K, committed 56448K, reserved 1097728K
  class space    used 7346K, capacity 7691K, committed 7808K, reserved 1048576K
}
Event: 33.203 GC heap before
{Heap before GC invocations=20 (full 2):
 PSYoungGen      total 316928K, used 306522K [0x00000000e0000000, 0x00000000f8380000, 0x0000000100000000)
  eden space 301568K, 100% used [0x00000000e0000000,0x00000000f2680000,0x00000000f2680000)
  from space 15360K, 32% used [0x00000000f2680000,0x00000000f2b56928,0x00000000f3580000)
  to   space 14336K, 0% used [0x00000000f7580000,0x00000000f7580000,0x00000000f8380000)
 ParOldGen       total 50688K, used 40802K [0x00000000a0000000, 0x00000000a3180000, 0x00000000e0000000)
  object space 50688K, 80% used [0x00000000a0000000,0x00000000a27d8af8,0x00000000a3180000)
 Metaspace       used 54616K, capacity 56062K, committed 56448K, reserved 1097728K
  class space    used 7348K, capacity 7691K, committed 7808K, reserved 1048576K
Event: 33.248 GC heap after
Heap after GC invocations=20 (full 2):
 PSYoungGen      total 371200K, used 4149K [0x00000000e0000000, 0x00000000f7d80000, 0x0000000100000000)
  eden space 363008K, 0% used [0x00000000e0000000,0x00000000e0000000,0x00000000f6280000)
  from space 8192K, 50% used [0x00000000f7580000,0x00000000f798d540,0x00000000f7d80000)
  to   space 13824K, 0% used [0x00000000f6280000,0x00000000f6280000,0x00000000f7000000)
 ParOldGen       total 50688K, used 43039K [0x00000000a0000000, 0x00000000a3180000, 0x00000000e0000000)
  object space 50688K, 84% used [0x00000000a0000000,0x00000000a2a07d58,0x00000000a3180000)
 Metaspace       used 54616K, capacity 56062K, committed 56448K, reserved 1097728K
  class space    used 7348K, capacity 7691K, committed 7808K, reserved 1048576K
}
Event: 45.551 GC heap before
{Heap before GC invocations=21 (full 2):
 PSYoungGen      total 371200K, used 148991K [0x00000000e0000000, 0x00000000f7d80000, 0x0000000100000000)
  eden space 363008K, 39% used [0x00000000e0000000,0x00000000e8d72970,0x00000000f6280000)
  from space 8192K, 50% used [0x00000000f7580000,0x00000000f798d540,0x00000000f7d80000)
  to   space 13824K, 0% used [0x00000000f6280000,0x00000000f6280000,0x00000000f7000000)
 ParOldGen       total 50688K, used 43039K [0x00000000a0000000, 0x00000000a3180000, 0x00000000e0000000)
  object space 50688K, 84% used [0x00000000a0000000,0x00000000a2a07d58,0x00000000a3180000)
 Metaspace       used 57487K, capacity 58906K, committed 59136K, reserved 1099776K
  class space    used 7841K, capacity 8181K, committed 8192K, reserved 1048576K

