# JRE version: OpenJDK Runtime Environment (8.0_76-b03) (build 1.8.0_76-release-b03)
# Java VM: OpenJDK 64-Bit Server VM (25.76-b03 mixed mode linux-amd64 compressed oops)
Heap:
 PSYoungGen      total 69632K, used 5315K [0x00000000e0000000, 0x00000000e4e00000, 0x0000000100000000)
  eden space 60416K, 0% used [0x00000000e0000000,0x00000000e0000000,0x00000000e3b00000)
  from space 9216K, 57% used [0x00000000e3b00000,0x00000000e4030ff0,0x00000000e4400000)
  to   space 8192K, 0% used [0x00000000e4400000,0x00000000e4400000,0x00000000e4c00000)
 ParOldGen       total 40960K, used 9619K [0x00000000a0000000, 0x00000000a2800000, 0x00000000e0000000)
  object space 40960K, 23% used [0x00000000a0000000,0x00000000a0964ee8,0x00000000a2800000)
 Metaspace       used 20898K, capacity 21210K, committed 21296K, reserved 1067008K
  class space    used 2796K, capacity 2917K, committed 2944K, reserved 1048576K
GC Heap History (10 events):
Event: 1.355 GC heap after
Heap after GC invocations=2 (full 0):
 PSYoungGen      total 17920K, used 1932K [0x00000000e0000000, 0x00000000e2300000, 0x0000000100000000)
  eden space 15360K, 0% used [0x00000000e0000000,0x00000000e0000000,0x00000000e0f00000)
  from space 2560K, 75% used [0x00000000e1180000,0x00000000e1363100,0x00000000e1400000)
  to   space 2560K, 0% used [0x00000000e0f00000,0x00000000e0f00000,0x00000000e1180000)
 ParOldGen       total 40960K, used 410K [0x00000000a0000000, 0x00000000a2800000, 0x00000000e0000000)
  object space 40960K, 1% used [0x00000000a0000000,0x00000000a0066938,0x00000000a2800000)
 Metaspace       used 5982K, capacity 6320K, committed 6528K, reserved 1056768K
  class space    used 752K, capacity 832K, committed 896K, reserved 1048576K
}
Event: 1.732 GC heap before
{Heap before GC invocations=3 (full 0):
 PSYoungGen      total 17920K, used 17292K [0x00000000e0000000, 0x00000000e2300000, 0x0000000100000000)
  eden space 15360K, 100% used [0x00000000e0000000,0x00000000e0f00000,0x00000000e0f00000)
  from space 2560K, 75% used [0x00000000e1180000,0x00000000e1363100,0x00000000e1400000)
  to   space 2560K, 0% used [0x00000000e0f00000,0x00000000e0f00000,0x00000000e1180000)
 ParOldGen       total 40960K, used 410K [0x00000000a0000000, 0x00000000a2800000, 0x00000000e0000000)
  object space 40960K, 1% used [0x00000000a0000000,0x00000000a0066938,0x00000000a2800000)
 Metaspace       used 9266K, capacity 9526K, committed 9856K, reserved 1058816K
  class space    used 1209K, capacity 1301K, committed 1408K, reserved 1048576K
Event: 1.736 GC heap after
Heap after GC invocations=3 (full 0):
 PSYoungGen      total 17920K, used 2528K [0x00000000e0000000, 0x00000000e2300000, 0x0000000100000000)
  eden space 15360K, 0% used [0x00000000e0000000,0x00000000e0000000,0x00000000e0f00000)
  from space 2560K, 98% used [0x00000000e0f00000,0x00000000e1178020,0x00000000e1180000)
  to   space 2560K, 0% used [0x00000000e2080000,0x00000000e2080000,0x00000000e2300000)
 ParOldGen       total 40960K, used 1666K [0x00000000a0000000, 0x00000000a2800000, 0x00000000e0000000)
  object space 40960K, 4% used [0x00000000a0000000,0x00000000a01a0998,0x00000000a2800000)
 Metaspace       used 9266K, capacity 9526K, committed 9856K, reserved 1058816K
  class space    used 1209K, capacity 1301K, committed 1408K, reserved 1048576K
}
Event: 1.960 GC heap before
{Heap before GC invocations=4 (full 0):
 PSYoungGen      total 17920K, used 17888K [0x00000000e0000000, 0x00000000e2300000, 0x0000000100000000)
  eden space 15360K, 100% used [0x00000000e0000000,0x00000000e0f00000,0x00000000e0f00000)
  from space 2560K, 98% used [0x00000000e0f00000,0x00000000e1178020,0x00000000e1180000)
  to   space 2560K, 0% used [0x00000000e2080000,0x00000000e2080000,0x00000000e2300000)
 ParOldGen       total 40960K, used 1666K [0x00000000a0000000, 0x00000000a2800000, 0x00000000e0000000)
  object space 40960K, 4% used [0x00000000a0000000,0x00000000a01a0998,0x00000000a2800000)
 Metaspace       used 10885K, capacity 11212K, committed 11392K, reserved 1058816K
  class space    used 1486K, capacity 1582K, committed 1664K, reserved 1048576K
Event: 1.978 GC heap after
Heap after GC invocations=4 (full 0):
 PSYoungGen      total 33280K, used 2528K [0x00000000e0000000, 0x00000000e2300000, 0x0000000100000000)
  eden space 30720K, 0% used [0x00000000e0000000,0x00000000e0000000,0x00000000e1e00000)
  from space 2560K, 98% used [0x00000000e2080000,0x00000000e22f8010,0x00000000e2300000)
  to   space 2560K, 0% used [0x00000000e1e00000,0x00000000e1e00000,0x00000000e2080000)
 ParOldGen       total 40960K, used 3388K [0x00000000a0000000, 0x00000000a2800000, 0x00000000e0000000)
  object space 40960K, 8% used [0x00000000a0000000,0x00000000a034f370,0x00000000a2800000)
 Metaspace       used 10885K, capacity 11212K, committed 11392K, reserved 1058816K
  class space    used 1486K, capacity 1582K, committed 1664K, reserved 1048576K
}
Event: 2.794 GC heap before
{Heap before GC invocations=5 (full 0):
 PSYoungGen      total 33280K, used 33248K [0x00000000e0000000, 0x00000000e2300000, 0x0000000100000000)
  eden space 30720K, 100% used [0x00000000e0000000,0x00000000e1e00000,0x00000000e1e00000)
  from space 2560K, 98% used [0x00000000e2080000,0x00000000e22f8010,0x00000000e2300000)
  to   space 2560K, 0% used [0x00000000e1e00000,0x00000000e1e00000,0x00000000e2080000)
 ParOldGen       total 40960K, used 3388K [0x00000000a0000000, 0x00000000a2800000, 0x00000000e0000000)
  object space 40960K, 8% used [0x00000000a0000000,0x00000000a034f370,0x00000000a2800000)
 Metaspace       used 16758K, capacity 17060K, committed 17280K, reserved 1064960K
  class space    used 2260K, capacity 2354K, committed 2432K, reserved 1048576K
Event: 2.828 GC heap after
Heap after GC invocations=5 (full 0):
 PSYoungGen      total 33280K, used 2544K [0x00000000e0000000, 0x00000000e4c00000, 0x0000000100000000)
  eden space 30720K, 0% used [0x00000000e0000000,0x00000000e0000000,0x00000000e1e00000)
  from space 2560K, 99% used [0x00000000e1e00000,0x00000000e207c020,0x00000000e2080000)
  to   space 8192K, 0% used [0x00000000e4400000,0x00000000e4400000,0x00000000e4c00000)
 ParOldGen       total 40960K, used 9195K [0x00000000a0000000, 0x00000000a2800000, 0x00000000e0000000)
  object space 40960K, 22% used [0x00000000a0000000,0x00000000a08faee8,0x00000000a2800000)
 Metaspace       used 16758K, capacity 17060K, committed 17280K, reserved 1064960K
  class space    used 2260K, capacity 2354K, committed 2432K, reserved 1048576K
}
Event: 4.864 GC heap before
{Heap before GC invocations=6 (full 0):
 PSYoungGen      total 33280K, used 33264K [0x00000000e0000000, 0x00000000e4c00000, 0x0000000100000000)
  eden space 30720K, 100% used [0x00000000e0000000,0x00000000e1e00000,0x00000000e1e00000)
  from space 2560K, 99% used [0x00000000e1e00000,0x00000000e207c020,0x00000000e2080000)
  to   space 8192K, 0% used [0x00000000e4400000,0x00000000e4400000,0x00000000e4c00000)
 ParOldGen       total 40960K, used 9195K [0x00000000a0000000, 0x00000000a2800000, 0x00000000e0000000)
  object space 40960K, 22% used [0x00000000a0000000,0x00000000a08faee8,0x00000000a2800000)
 Metaspace       used 19893K, capacity 20180K, committed 20480K, reserved 1067008K
  class space    used 2646K, capacity 2749K, committed 2816K, reserved 1048576K
Event: 5.004 GC heap after
Heap after GC invocations=6 (full 0):
 PSYoungGen      total 68608K, used 6446K [0x00000000e0000000, 0x00000000e4e00000, 0x0000000100000000)
  eden space 60416K, 0% used [0x00000000e0000000,0x00000000e0000000,0x00000000e3b00000)
  from space 8192K, 78% used [0x00000000e4400000,0x00000000e4a4b9e8,0x00000000e4c00000)
  to   space 9216K, 0% used [0x00000000e3b00000,0x00000000e3b00000,0x00000000e4400000)
 ParOldGen       total 40960K, used 9195K [0x00000000a0000000, 0x00000000a2800000, 0x00000000e0000000)
  object space 40960K, 22% used [0x00000000a0000000,0x00000000a08faee8,0x00000000a2800000)
 Metaspace       used 19893K, capacity 20180K, committed 20480K, reserved 1067008K
  class space    used 2646K, capacity 2749K, committed 2816K, reserved 1048576K
}
Event: 71.763 GC heap before
{Heap before GC invocations=7 (full 0):
 PSYoungGen      total 68608K, used 19045K [0x00000000e0000000, 0x00000000e4e00000, 0x0000000100000000)
  eden space 60416K, 20% used [0x00000000e0000000,0x00000000e0c4ddf8,0x00000000e3b00000)
  from space 8192K, 78% used [0x00000000e4400000,0x00000000e4a4b9e8,0x00000000e4c00000)
  to   space 9216K, 0% used [0x00000000e3b00000,0x00000000e3b00000,0x00000000e4400000)
 ParOldGen       total 40960K, used 9195K [0x00000000a0000000, 0x00000000a2800000, 0x00000000e0000000)
  object space 40960K, 22% used [0x00000000a0000000,0x00000000a08faee8,0x00000000a2800000)
 Metaspace       used 20898K, capacity 21210K, committed 21296K, reserved 1067008K
  class space    used 2796K, capacity 2917K, committed 2944K, reserved 1048576K

