# JRE version: OpenJDK Runtime Environment (8.0_76-b03) (build 1.8.0_76-release-b03)
# Java VM: OpenJDK 64-Bit Server VM (25.76-b03 mixed mode linux-amd64 compressed oops)
Heap:
 PSYoungGen      total 323072K, used 0K [0x00000000e0000000, 0x0000000100000000, 0x0000000100000000)
  eden space 246784K, 0% used [0x00000000e0000000,0x00000000e0000000,0x00000000ef100000)
  from space 76288K, 0% used [0x00000000ef100000,0x00000000ef100000,0x00000000f3b80000)
  to   space 139776K, 0% used [0x00000000f7780000,0x00000000f7780000,0x0000000100000000)
 ParOldGen       total 307200K, used 266393K [0x00000000a0000000, 0x00000000b2c00000, 0x00000000e0000000)
  object space 307200K, 86% used [0x00000000a0000000,0x00000000b04265e0,0x00000000b2c00000)
 Metaspace       used 101606K, capacity 107302K, committed 107392K, reserved 1142784K
  class space    used 13426K, capacity 14662K, committed 14720K, reserved 1048576K
GC Heap History (10 events):
Event: 636.229 GC heap after
Heap after GC invocations=73 (full 12):
 PSYoungGen      total 404992K, used 51131K [0x00000000e0000000, 0x00000000ffa80000, 0x0000000100000000)
  eden space 290816K, 0% used [0x00000000e0000000,0x00000000e0000000,0x00000000f1c00000)
  from space 114176K, 44% used [0x00000000f1c00000,0x00000000f4deec40,0x00000000f8b80000)
  to   space 112640K, 0% used [0x00000000f8c80000,0x00000000f8c80000,0x00000000ffa80000)
 ParOldGen       total 307200K, used 172512K [0x00000000a0000000, 0x00000000b2c00000, 0x00000000e0000000)
  object space 307200K, 56% used [0x00000000a0000000,0x00000000aa878148,0x00000000b2c00000)
 Metaspace       used 101597K, capacity 107302K, committed 107392K, reserved 1142784K
  class space    used 13426K, capacity 14662K, committed 14720K, reserved 1048576K
}
Event: 636.701 GC heap before
{Heap before GC invocations=74 (full 12):
 PSYoungGen      total 404992K, used 341947K [0x00000000e0000000, 0x00000000ffa80000, 0x0000000100000000)
  eden space 290816K, 100% used [0x00000000e0000000,0x00000000f1c00000,0x00000000f1c00000)
  from space 114176K, 44% used [0x00000000f1c00000,0x00000000f4deec40,0x00000000f8b80000)
  to   space 112640K, 0% used [0x00000000f8c80000,0x00000000f8c80000,0x00000000ffa80000)
 ParOldGen       total 307200K, used 172512K [0x00000000a0000000, 0x00000000b2c00000, 0x00000000e0000000)
  object space 307200K, 56% used [0x00000000a0000000,0x00000000aa878148,0x00000000b2c00000)
 Metaspace       used 101599K, capacity 107302K, committed 107392K, reserved 1142784K
  class space    used 13426K, capacity 14662K, committed 14720K, reserved 1048576K
Event: 636.884 GC heap after
Heap after GC invocations=74 (full 12):
 PSYoungGen      total 389120K, used 86203K [0x00000000e0000000, 0x0000000100000000, 0x0000000100000000)
  eden space 276480K, 0% used [0x00000000e0000000,0x00000000e0000000,0x00000000f0e00000)
  from space 112640K, 76% used [0x00000000f8c80000,0x00000000fe0aef60,0x00000000ffa80000)
  to   space 123904K, 0% used [0x00000000f0e00000,0x00000000f0e00000,0x00000000f8700000)
 ParOldGen       total 307200K, used 172512K [0x00000000a0000000, 0x00000000b2c00000, 0x00000000e0000000)
  object space 307200K, 56% used [0x00000000a0000000,0x00000000aa878148,0x00000000b2c00000)
 Metaspace       used 101599K, capacity 107302K, committed 107392K, reserved 1142784K
  class space    used 13426K, capacity 14662K, committed 14720K, reserved 1048576K
}
Event: 637.845 GC heap before
{Heap before GC invocations=75 (full 12):
 PSYoungGen      total 389120K, used 362683K [0x00000000e0000000, 0x0000000100000000, 0x0000000100000000)
  eden space 276480K, 100% used [0x00000000e0000000,0x00000000f0e00000,0x00000000f0e00000)
  from space 112640K, 76% used [0x00000000f8c80000,0x00000000fe0aef60,0x00000000ffa80000)
  to   space 123904K, 0% used [0x00000000f0e00000,0x00000000f0e00000,0x00000000f8700000)
 ParOldGen       total 307200K, used 172513K [0x00000000a0000000, 0x00000000b2c00000, 0x00000000e0000000)
  object space 307200K, 56% used [0x00000000a0000000,0x00000000aa878408,0x00000000b2c00000)
 Metaspace       used 101605K, capacity 107302K, committed 107392K, reserved 1142784K
  class space    used 13426K, capacity 14662K, committed 14720K, reserved 1048576K
Event: 638.184 GC heap after
Heap after GC invocations=75 (full 12):
 PSYoungGen      total 389120K, used 112224K [0x00000000e0000000, 0x0000000100000000, 0x0000000100000000)
  eden space 276480K, 0% used [0x00000000e0000000,0x00000000e0000000,0x00000000f0e00000)
  from space 112640K, 99% used [0x00000000f0e00000,0x00000000f7b98070,0x00000000f7c00000)
  to   space 135168K, 0% used [0x00000000f7c00000,0x00000000f7c00000,0x0000000100000000)
 ParOldGen       total 307200K, used 173013K [0x00000000a0000000, 0x00000000b2c00000, 0x00000000e0000000)
  object space 307200K, 56% used [0x00000000a0000000,0x00000000aa8f5428,0x00000000b2c00000)
 Metaspace       used 101605K, capacity 107302K, committed 107392K, reserved 1142784K
  class space    used 13426K, capacity 14662K, committed 14720K, reserved 1048576K
}
Event: 638.999 GC heap before
{Heap before GC invocations=76 (full 12):
 PSYoungGen      total 389120K, used 388704K [0x00000000e0000000, 0x0000000100000000, 0x0000000100000000)
  eden space 276480K, 100% used [0x00000000e0000000,0x00000000f0e00000,0x00000000f0e00000)
  from space 112640K, 99% used [0x00000000f0e00000,0x00000000f7b98070,0x00000000f7c00000)
  to   space 135168K, 0% used [0x00000000f7c00000,0x00000000f7c00000,0x0000000100000000)
 ParOldGen       total 307200K, used 173014K [0x00000000a0000000, 0x00000000b2c00000, 0x00000000e0000000)
  object space 307200K, 56% used [0x00000000a0000000,0x00000000aa8f5b78,0x00000000b2c00000)
 Metaspace       used 101606K, capacity 107302K, committed 107392K, reserved 1142784K
  class space    used 13426K, capacity 14662K, committed 14720K, reserved 1048576K
Event: 639.211 GC heap after
Heap after GC invocations=76 (full 12):
 PSYoungGen      total 381952K, used 64761K [0x00000000e0000000, 0x0000000100000000, 0x0000000100000000)
  eden space 246784K, 0% used [0x00000000e0000000,0x00000000e0000000,0x00000000ef100000)
  from space 135168K, 47% used [0x00000000f7c00000,0x00000000fbb3e548,0x0000000100000000)
  to   space 138752K, 0% used [0x00000000ef100000,0x00000000ef100000,0x00000000f7880000)
 ParOldGen       total 307200K, used 239171K [0x00000000a0000000, 0x00000000b2c00000, 0x00000000e0000000)
  object space 307200K, 77% used [0x00000000a0000000,0x00000000ae990d28,0x00000000b2c00000)
 Metaspace       used 101606K, capacity 107302K, committed 107392K, reserved 1142784K
  class space    used 13426K, capacity 14662K, committed 14720K, reserved 1048576K
}
Event: 639.710 GC heap before
{Heap before GC invocations=77 (full 12):
 PSYoungGen      total 381952K, used 311545K [0x00000000e0000000, 0x0000000100000000, 0x0000000100000000)
  eden space 246784K, 100% used [0x00000000e0000000,0x00000000ef100000,0x00000000ef100000)
  from space 135168K, 47% used [0x00000000f7c00000,0x00000000fbb3e548,0x0000000100000000)
  to   space 138752K, 0% used [0x00000000ef100000,0x00000000ef100000,0x00000000f7880000)
 ParOldGen       total 307200K, used 239173K [0x00000000a0000000, 0x00000000b2c00000, 0x00000000e0000000)
  object space 307200K, 77% used [0x00000000a0000000,0x00000000ae991438,0x00000000b2c00000)
 Metaspace       used 101606K, capacity 107302K, committed 107392K, reserved 1142784K
  class space    used 13426K, capacity 14662K, committed 14720K, reserved 1048576K
Event: 639.907 GC heap after
Heap after GC invocations=77 (full 12):
 PSYoungGen      total 323072K, used 76050K [0x00000000e0000000, 0x0000000100000000, 0x0000000100000000)
  eden space 246784K, 0% used [0x00000000e0000000,0x00000000e0000000,0x00000000ef100000)
  from space 76288K, 99% used [0x00000000ef100000,0x00000000f3b44b78,0x00000000f3b80000)
  to   space 139776K, 0% used [0x00000000f7780000,0x00000000f7780000,0x0000000100000000)
 ParOldGen       total 307200K, used 294945K [0x00000000a0000000, 0x00000000b2c00000, 0x00000000e0000000)
  object space 307200K, 96% used [0x00000000a0000000,0x00000000b20087d0,0x00000000b2c00000)
 Metaspace       used 101606K, capacity 107302K, committed 107392K, reserved 1142784K
  class space    used 13426K, capacity 14662K, committed 14720K, reserved 1048576K
}
Event: 639.912 GC heap before
{Heap before GC invocations=78 (full 13):
 PSYoungGen      total 323072K, used 76050K [0x00000000e0000000, 0x0000000100000000, 0x0000000100000000)
  eden space 246784K, 0% used [0x00000000e0000000,0x00000000e0000000,0x00000000ef100000)
  from space 76288K, 99% used [0x00000000ef100000,0x00000000f3b44b78,0x00000000f3b80000)
  to   space 139776K, 0% used [0x00000000f7780000,0x00000000f7780000,0x0000000100000000)
 ParOldGen       total 307200K, used 294945K [0x00000000a0000000, 0x00000000b2c00000, 0x00000000e0000000)
  object space 307200K, 96% used [0x00000000a0000000,0x00000000b20087d0,0x00000000b2c00000)
 Metaspace       used 101606K, capacity 107302K, committed 107392K, reserved 1142784K
  class space    used 13426K, capacity 14662K, committed 14720K, reserved 1048576K

